[debug] [2026-01-23T21:40:10.277Z] Object "/hosting/frameworksBackend" in "firebase.json" has unknown property: {"additionalProperty":"id"}
[debug] [2026-01-23T21:40:10.283Z] Field "/hosting" in "firebase.json" is possibly invalid: must be array
[debug] [2026-01-23T21:40:10.284Z] Field "/hosting" in "firebase.json" is possibly invalid: must match a schema in anyOf
[error] Failed to fetch Firebase Project from Studio Workspace because WORKSPACE_SLUG environment variable is empty
[debug] [2026-01-23T21:40:10.288Z] Object "/hosting/frameworksBackend" in "firebase.json" has unknown property: {"additionalProperty":"id"}
[debug] [2026-01-23T21:40:10.289Z] Field "/hosting" in "firebase.json" is possibly invalid: must be array
[debug] [2026-01-23T21:40:10.289Z] Field "/hosting" in "firebase.json" is possibly invalid: must match a schema in anyOf
[error] Failed to fetch Firebase Project from Studio Workspace because WORKSPACE_SLUG environment variable is empty
[debug] [2026-01-23T21:40:10.292Z] Object "/hosting/frameworksBackend" in "firebase.json" has unknown property: {"additionalProperty":"id"}
[debug] [2026-01-23T21:40:10.292Z] Field "/hosting" in "firebase.json" is possibly invalid: must be array
[debug] [2026-01-23T21:40:10.293Z] Field "/hosting" in "firebase.json" is possibly invalid: must match a schema in anyOf
[error] Failed to fetch Firebase Project from Studio Workspace because WORKSPACE_SLUG environment variable is empty
[debug] [2026-01-23T21:40:10.294Z] Object "/hosting/frameworksBackend" in "firebase.json" has unknown property: {"additionalProperty":"id"}
[debug] [2026-01-23T21:40:10.295Z] Field "/hosting" in "firebase.json" is possibly invalid: must be array
[debug] [2026-01-23T21:40:10.295Z] Field "/hosting" in "firebase.json" is possibly invalid: must match a schema in anyOf
[error] Failed to fetch Firebase Project from Studio Workspace because WORKSPACE_SLUG environment variable is empty
[debug] [2026-01-23T21:40:10.296Z] > command requires scopes: ["email","openid","https://www.googleapis.com/auth/cloudplatformprojects.readonly","https://www.googleapis.com/auth/firebase","https://www.googleapis.com/auth/cloud-platform","https://www.googleapis.com/auth/userinfo.email"]
[debug] [2026-01-23T21:40:10.297Z] > authorizing via signed-in user (yosfnqlisilh@gmail.com)
[debug] [2026-01-23T21:40:10.298Z] Checked if tokens are valid: true, expires at: 1769205965492
[debug] [2026-01-23T21:40:10.299Z] Checked if tokens are valid: true, expires at: 1769205965492
[debug] [2026-01-23T21:40:10.299Z] > command requires scopes: ["email","openid","https://www.googleapis.com/auth/cloudplatformprojects.readonly","https://www.googleapis.com/auth/firebase","https://www.googleapis.com/auth/cloud-platform","https://www.googleapis.com/auth/userinfo.email"]
[debug] [2026-01-23T21:40:10.299Z] > authorizing via signed-in user (yosfnqlisilh@gmail.com)
[debug] [2026-01-23T21:40:10.299Z] Checked if tokens are valid: true, expires at: 1769205965492
[debug] [2026-01-23T21:40:10.299Z] Checked if tokens are valid: true, expires at: 1769205965492
[debug] [2026-01-23T21:40:10.301Z] >>> [apiv2][query] GET https://cloudbilling.googleapis.com/v1/projects/advertising-and-promotion211/billingInfo [none]
[debug] [2026-01-23T21:40:10.368Z] >>> [apiv2][query] GET https://cloudbilling.googleapis.com/v1/projects/advertising-and-promotion211/billingInfo [none]
[debug] [2026-01-23T21:40:10.576Z] <<< [apiv2][status] GET https://cloudbilling.googleapis.com/v1/projects/advertising-and-promotion211/billingInfo 200
[debug] [2026-01-23T21:40:10.580Z] <<< [apiv2][body] GET https://cloudbilling.googleapis.com/v1/projects/advertising-and-promotion211/billingInfo {"name":"projects/advertising-and-promotion211/billingInfo","projectId":"advertising-and-promotion211","billingAccountName":"billingAccounts/01C117-4005EB-E7494F","billingEnabled":true}
[debug] [2026-01-23T21:40:10.581Z] Object "/hosting/frameworksBackend" in "firebase.json" has unknown property: {"additionalProperty":"id"}
[debug] [2026-01-23T21:40:10.581Z] Field "/hosting" in "firebase.json" is possibly invalid: must be array
[debug] [2026-01-23T21:40:10.582Z] Field "/hosting" in "firebase.json" is possibly invalid: must match a schema in anyOf
[debug] [2026-01-23T21:40:10.598Z] Checked if tokens are valid: true, expires at: 1769205965492
[debug] [2026-01-23T21:40:10.598Z] Checked if tokens are valid: true, expires at: 1769205965492
[debug] [2026-01-23T21:40:10.598Z] Checked if tokens are valid: true, expires at: 1769205965492
[debug] [2026-01-23T21:40:10.599Z] Checked if tokens are valid: true, expires at: 1769205965492
[debug] [2026-01-23T21:40:10.622Z] Checked if tokens are valid: true, expires at: 1769205965492
[debug] [2026-01-23T21:40:10.622Z] Checked if tokens are valid: true, expires at: 1769205965492
[debug] [2026-01-23T21:40:10.622Z] >>> [apiv2][query] GET https://serviceusage.googleapis.com/v1/projects/advertising-and-promotion211/services/firestore.googleapis.com [none]
[debug] [2026-01-23T21:40:10.623Z] >>> [apiv2][(partial)header] GET https://serviceusage.googleapis.com/v1/projects/advertising-and-promotion211/services/firestore.googleapis.com x-goog-quota-user=projects/advertising-and-promotion211
[debug] [2026-01-23T21:40:10.626Z] >>> [apiv2][query] GET https://serviceusage.googleapis.com/v1/projects/advertising-and-promotion211/services/firebasedataconnect.googleapis.com [none]
[debug] [2026-01-23T21:40:10.626Z] >>> [apiv2][(partial)header] GET https://serviceusage.googleapis.com/v1/projects/advertising-and-promotion211/services/firebasedataconnect.googleapis.com x-goog-quota-user=projects/advertising-and-promotion211
[debug] [2026-01-23T21:40:10.629Z] >>> [apiv2][query] GET https://serviceusage.googleapis.com/v1/projects/advertising-and-promotion211/services/firebaseio.com [none]
[debug] [2026-01-23T21:40:10.629Z] >>> [apiv2][(partial)header] GET https://serviceusage.googleapis.com/v1/projects/advertising-and-promotion211/services/firebaseio.com x-goog-quota-user=projects/advertising-and-promotion211
[debug] [2026-01-23T21:40:11.014Z] <<< [apiv2][status] GET https://cloudbilling.googleapis.com/v1/projects/advertising-and-promotion211/billingInfo 200
[debug] [2026-01-23T21:40:11.014Z] <<< [apiv2][body] GET https://cloudbilling.googleapis.com/v1/projects/advertising-and-promotion211/billingInfo {"name":"projects/advertising-and-promotion211/billingInfo","projectId":"advertising-and-promotion211","billingAccountName":"billingAccounts/01C117-4005EB-E7494F","billingEnabled":true}
[debug] [2026-01-23T21:40:11.016Z] Object "/hosting/frameworksBackend" in "firebase.json" has unknown property: {"additionalProperty":"id"}
[debug] [2026-01-23T21:40:11.016Z] Field "/hosting" in "firebase.json" is possibly invalid: must be array
[debug] [2026-01-23T21:40:11.016Z] Field "/hosting" in "firebase.json" is possibly invalid: must match a schema in anyOf
[debug] [2026-01-23T21:40:11.019Z] Checked if tokens are valid: true, expires at: 1769205965492
[debug] [2026-01-23T21:40:11.019Z] Checked if tokens are valid: true, expires at: 1769205965492
[debug] [2026-01-23T21:40:11.021Z] Checked if tokens are valid: true, expires at: 1769205965492
[debug] [2026-01-23T21:40:11.021Z] Checked if tokens are valid: true, expires at: 1769205965492
[debug] [2026-01-23T21:40:11.037Z] Checked if tokens are valid: true, expires at: 1769205965492
[debug] [2026-01-23T21:40:11.037Z] Checked if tokens are valid: true, expires at: 1769205965492
[debug] [2026-01-23T21:40:11.038Z] >>> [apiv2][query] GET https://serviceusage.googleapis.com/v1/projects/advertising-and-promotion211/services/firestore.googleapis.com [none]
[debug] [2026-01-23T21:40:11.038Z] >>> [apiv2][(partial)header] GET https://serviceusage.googleapis.com/v1/projects/advertising-and-promotion211/services/firestore.googleapis.com x-goog-quota-user=projects/advertising-and-promotion211
[debug] [2026-01-23T21:40:11.039Z] >>> [apiv2][query] GET https://serviceusage.googleapis.com/v1/projects/advertising-and-promotion211/services/firebasedataconnect.googleapis.com [none]
[debug] [2026-01-23T21:40:11.039Z] >>> [apiv2][(partial)header] GET https://serviceusage.googleapis.com/v1/projects/advertising-and-promotion211/services/firebasedataconnect.googleapis.com x-goog-quota-user=projects/advertising-and-promotion211
[debug] [2026-01-23T21:40:11.042Z] >>> [apiv2][query] GET https://serviceusage.googleapis.com/v1/projects/advertising-and-promotion211/services/firebaseio.com [none]
[debug] [2026-01-23T21:40:11.042Z] >>> [apiv2][(partial)header] GET https://serviceusage.googleapis.com/v1/projects/advertising-and-promotion211/services/firebaseio.com x-goog-quota-user=projects/advertising-and-promotion211
[debug] [2026-01-23T21:40:11.048Z] <<< [apiv2][status] GET https://serviceusage.googleapis.com/v1/projects/advertising-and-promotion211/services/firestore.googleapis.com 200
[debug] [2026-01-23T21:40:11.048Z] <<< [apiv2][body] GET https://serviceusage.googleapis.com/v1/projects/advertising-and-promotion211/services/firestore.googleapis.com [omitted]
[debug] [2026-01-23T21:40:11.356Z] <<< [apiv2][status] GET https://serviceusage.googleapis.com/v1/projects/advertising-and-promotion211/services/firebaseio.com 403
[debug] [2026-01-23T21:40:11.356Z] <<< [apiv2][body] GET https://serviceusage.googleapis.com/v1/projects/advertising-and-promotion211/services/firebaseio.com [omitted]
[debug] [2026-01-23T21:40:11.393Z] <<< [apiv2][status] GET https://serviceusage.googleapis.com/v1/projects/advertising-and-promotion211/services/firestore.googleapis.com 200
[debug] [2026-01-23T21:40:11.393Z] <<< [apiv2][body] GET https://serviceusage.googleapis.com/v1/projects/advertising-and-promotion211/services/firestore.googleapis.com [omitted]
[debug] [2026-01-23T21:40:11.457Z] <<< [apiv2][status] GET https://serviceusage.googleapis.com/v1/projects/advertising-and-promotion211/services/firebasedataconnect.googleapis.com 200
[debug] [2026-01-23T21:40:11.458Z] <<< [apiv2][body] GET https://serviceusage.googleapis.com/v1/projects/advertising-and-promotion211/services/firebasedataconnect.googleapis.com [omitted]
[debug] [2026-01-23T21:40:11.461Z] Object "/hosting/frameworksBackend" in "firebase.json" has unknown property: {"additionalProperty":"id"}
[debug] [2026-01-23T21:40:11.461Z] Field "/hosting" in "firebase.json" is possibly invalid: must be array
[debug] [2026-01-23T21:40:11.461Z] Field "/hosting" in "firebase.json" is possibly invalid: must match a schema in anyOf
[error] Failed to fetch Firebase Project from Studio Workspace because WORKSPACE_SLUG environment variable is empty
[debug] [2026-01-23T21:40:11.462Z] Object "/hosting/frameworksBackend" in "firebase.json" has unknown property: {"additionalProperty":"id"}
[debug] [2026-01-23T21:40:11.463Z] Field "/hosting" in "firebase.json" is possibly invalid: must be array
[debug] [2026-01-23T21:40:11.463Z] Field "/hosting" in "firebase.json" is possibly invalid: must match a schema in anyOf
[error] Failed to fetch Firebase Project from Studio Workspace because WORKSPACE_SLUG environment variable is empty
[debug] [2026-01-23T21:40:11.467Z] Object "/hosting/frameworksBackend" in "firebase.json" has unknown property: {"additionalProperty":"id"}
[debug] [2026-01-23T21:40:11.467Z] Field "/hosting" in "firebase.json" is possibly invalid: must be array
[debug] [2026-01-23T21:40:11.467Z] Field "/hosting" in "firebase.json" is possibly invalid: must match a schema in anyOf
[error] Failed to fetch Firebase Project from Studio Workspace because WORKSPACE_SLUG environment variable is empty
[debug] [2026-01-23T21:40:11.470Z] > command requires scopes: ["email","openid","https://www.googleapis.com/auth/cloudplatformprojects.readonly","https://www.googleapis.com/auth/firebase","https://www.googleapis.com/auth/cloud-platform","https://www.googleapis.com/auth/userinfo.email"]
[debug] [2026-01-23T21:40:11.470Z] > authorizing via signed-in user (yosfnqlisilh@gmail.com)
[debug] [2026-01-23T21:40:11.470Z] Checked if tokens are valid: true, expires at: 1769205965492
[debug] [2026-01-23T21:40:11.470Z] Checked if tokens are valid: true, expires at: 1769205965492
[debug] [2026-01-23T21:40:11.471Z] >>> [apiv2][query] GET https://cloudbilling.googleapis.com/v1/projects/advertising-and-promotion211/billingInfo [none]
[debug] [2026-01-23T21:40:11.644Z] <<< [apiv2][status] GET https://cloudbilling.googleapis.com/v1/projects/advertising-and-promotion211/billingInfo 200
[debug] [2026-01-23T21:40:11.644Z] <<< [apiv2][body] GET https://cloudbilling.googleapis.com/v1/projects/advertising-and-promotion211/billingInfo {"name":"projects/advertising-and-promotion211/billingInfo","projectId":"advertising-and-promotion211","billingAccountName":"billingAccounts/01C117-4005EB-E7494F","billingEnabled":true}
[debug] [2026-01-23T21:40:11.647Z] Object "/hosting/frameworksBackend" in "firebase.json" has unknown property: {"additionalProperty":"id"}
[debug] [2026-01-23T21:40:11.648Z] Field "/hosting" in "firebase.json" is possibly invalid: must be array
[debug] [2026-01-23T21:40:11.648Z] Field "/hosting" in "firebase.json" is possibly invalid: must match a schema in anyOf
[debug] [2026-01-23T21:40:11.651Z] Object "/hosting/frameworksBackend" in "firebase.json" has unknown property: {"additionalProperty":"id"}
[debug] [2026-01-23T21:40:11.651Z] Field "/hosting" in "firebase.json" is possibly invalid: must be array
[debug] [2026-01-23T21:40:11.651Z] Field "/hosting" in "firebase.json" is possibly invalid: must match a schema in anyOf
[error] Failed to fetch Firebase Project from Studio Workspace because WORKSPACE_SLUG environment variable is empty
[debug] [2026-01-23T21:40:11.654Z] > command requires scopes: ["email","openid","https://www.googleapis.com/auth/cloudplatformprojects.readonly","https://www.googleapis.com/auth/firebase","https://www.googleapis.com/auth/cloud-platform","https://www.googleapis.com/auth/userinfo.email"]
[debug] [2026-01-23T21:40:11.654Z] > authorizing via signed-in user (yosfnqlisilh@gmail.com)
[debug] [2026-01-23T21:40:11.677Z] Object "/hosting/frameworksBackend" in "firebase.json" has unknown property: {"additionalProperty":"id"}
[debug] [2026-01-23T21:40:11.678Z] Field "/hosting" in "firebase.json" is possibly invalid: must be array
[debug] [2026-01-23T21:40:11.678Z] Field "/hosting" in "firebase.json" is possibly invalid: must match a schema in anyOf
[error] Failed to fetch Firebase Project from Studio Workspace because WORKSPACE_SLUG environment variable is empty
[debug] [2026-01-23T21:40:11.679Z] Object "/hosting/frameworksBackend" in "firebase.json" has unknown property: {"additionalProperty":"id"}
[debug] [2026-01-23T21:40:11.679Z] Field "/hosting" in "firebase.json" is possibly invalid: must be array
[debug] [2026-01-23T21:40:11.679Z] Field "/hosting" in "firebase.json" is possibly invalid: must match a schema in anyOf
[error] Failed to fetch Firebase Project from Studio Workspace because WORKSPACE_SLUG environment variable is empty
[debug] [2026-01-23T21:40:11.682Z] Object "/hosting/frameworksBackend" in "firebase.json" has unknown property: {"additionalProperty":"id"}
[debug] [2026-01-23T21:40:11.682Z] Field "/hosting" in "firebase.json" is possibly invalid: must be array
[debug] [2026-01-23T21:40:11.682Z] Field "/hosting" in "firebase.json" is possibly invalid: must match a schema in anyOf
[error] Failed to fetch Firebase Project from Studio Workspace because WORKSPACE_SLUG environment variable is empty
[debug] [2026-01-23T21:40:11.683Z] > command requires scopes: ["email","openid","https://www.googleapis.com/auth/cloudplatformprojects.readonly","https://www.googleapis.com/auth/firebase","https://www.googleapis.com/auth/cloud-platform","https://www.googleapis.com/auth/userinfo.email"]
[debug] [2026-01-23T21:40:11.688Z] > authorizing via signed-in user (yosfnqlisilh@gmail.com)
[debug] [2026-01-23T21:40:11.689Z] Checked if tokens are valid: true, expires at: 1769205965492
[debug] [2026-01-23T21:40:11.689Z] Checked if tokens are valid: true, expires at: 1769205965492
[debug] [2026-01-23T21:40:11.689Z] >>> [apiv2][query] GET https://cloudbilling.googleapis.com/v1/projects/advertising-and-promotion211/billingInfo [none]
[debug] [2026-01-23T21:40:11.693Z] Object "/hosting/frameworksBackend" in "firebase.json" has unknown property: {"additionalProperty":"id"}
[debug] [2026-01-23T21:40:11.694Z] Field "/hosting" in "firebase.json" is possibly invalid: must be array
[debug] [2026-01-23T21:40:11.694Z] Field "/hosting" in "firebase.json" is possibly invalid: must match a schema in anyOf
[error] Failed to fetch Firebase Project from Studio Workspace because WORKSPACE_SLUG environment variable is empty
[debug] [2026-01-23T21:40:11.695Z] Object "/hosting/frameworksBackend" in "firebase.json" has unknown property: {"additionalProperty":"id"}
[debug] [2026-01-23T21:40:11.695Z] Field "/hosting" in "firebase.json" is possibly invalid: must be array
[debug] [2026-01-23T21:40:11.695Z] Field "/hosting" in "firebase.json" is possibly invalid: must match a schema in anyOf
[error] Failed to fetch Firebase Project from Studio Workspace because WORKSPACE_SLUG environment variable is empty
[debug] [2026-01-23T21:40:11.696Z] Object "/hosting/frameworksBackend" in "firebase.json" has unknown property: {"additionalProperty":"id"}
[debug] [2026-01-23T21:40:11.696Z] Field "/hosting" in "firebase.json" is possibly invalid: must be array
[debug] [2026-01-23T21:40:11.696Z] Field "/hosting" in "firebase.json" is possibly invalid: must match a schema in anyOf
[error] Failed to fetch Firebase Project from Studio Workspace because WORKSPACE_SLUG environment variable is empty
[debug] [2026-01-23T21:40:11.696Z] > command requires scopes: ["email","openid","https://www.googleapis.com/auth/cloudplatformprojects.readonly","https://www.googleapis.com/auth/firebase","https://www.googleapis.com/auth/cloud-platform","https://www.googleapis.com/auth/userinfo.email"]
[debug] [2026-01-23T21:40:11.696Z] > authorizing via signed-in user (yosfnqlisilh@gmail.com)
[debug] [2026-01-23T21:40:11.697Z] Checked if tokens are valid: true, expires at: 1769205965492
[debug] [2026-01-23T21:40:11.697Z] Checked if tokens are valid: true, expires at: 1769205965492
[debug] [2026-01-23T21:40:11.697Z] >>> [apiv2][query] GET https://cloudbilling.googleapis.com/v1/projects/advertising-and-promotion211/billingInfo [none]
[debug] [2026-01-23T21:40:11.742Z] <<< [apiv2][status] GET https://serviceusage.googleapis.com/v1/projects/advertising-and-promotion211/services/firebaseio.com 403
[debug] [2026-01-23T21:40:11.742Z] <<< [apiv2][body] GET https://serviceusage.googleapis.com/v1/projects/advertising-and-promotion211/services/firebaseio.com [omitted]
[debug] [2026-01-23T21:40:11.835Z] <<< [apiv2][status] GET https://cloudbilling.googleapis.com/v1/projects/advertising-and-promotion211/billingInfo 200
[debug] [2026-01-23T21:40:11.835Z] <<< [apiv2][body] GET https://cloudbilling.googleapis.com/v1/projects/advertising-and-promotion211/billingInfo {"name":"projects/advertising-and-promotion211/billingInfo","projectId":"advertising-and-promotion211","billingAccountName":"billingAccounts/01C117-4005EB-E7494F","billingEnabled":true}
[debug] [2026-01-23T21:40:11.838Z] Object "/hosting/frameworksBackend" in "firebase.json" has unknown property: {"additionalProperty":"id"}
[debug] [2026-01-23T21:40:11.838Z] Field "/hosting" in "firebase.json" is possibly invalid: must be array
[debug] [2026-01-23T21:40:11.840Z] Field "/hosting" in "firebase.json" is possibly invalid: must match a schema in anyOf
[debug] [2026-01-23T21:40:11.841Z] Object "/hosting/frameworksBackend" in "firebase.json" has unknown property: {"additionalProperty":"id"}
[debug] [2026-01-23T21:40:11.841Z] Field "/hosting" in "firebase.json" is possibly invalid: must be array
[debug] [2026-01-23T21:40:11.842Z] Field "/hosting" in "firebase.json" is possibly invalid: must match a schema in anyOf
[error] Failed to fetch Firebase Project from Studio Workspace because WORKSPACE_SLUG environment variable is empty
[debug] [2026-01-23T21:40:11.847Z] > command requires scopes: ["email","openid","https://www.googleapis.com/auth/cloudplatformprojects.readonly","https://www.googleapis.com/auth/firebase","https://www.googleapis.com/auth/cloud-platform","https://www.googleapis.com/auth/userinfo.email"]
[debug] [2026-01-23T21:40:11.847Z] > authorizing via signed-in user (yosfnqlisilh@gmail.com)
[debug] [2026-01-23T21:40:11.864Z] <<< [apiv2][status] GET https://serviceusage.googleapis.com/v1/projects/advertising-and-promotion211/services/firebasedataconnect.googleapis.com 200
[debug] [2026-01-23T21:40:11.864Z] <<< [apiv2][body] GET https://serviceusage.googleapis.com/v1/projects/advertising-and-promotion211/services/firebasedataconnect.googleapis.com [omitted]
[debug] [2026-01-23T21:40:11.954Z] <<< [apiv2][status] GET https://cloudbilling.googleapis.com/v1/projects/advertising-and-promotion211/billingInfo 200
[debug] [2026-01-23T21:40:11.954Z] <<< [apiv2][body] GET https://cloudbilling.googleapis.com/v1/projects/advertising-and-promotion211/billingInfo {"name":"projects/advertising-and-promotion211/billingInfo","projectId":"advertising-and-promotion211","billingAccountName":"billingAccounts/01C117-4005EB-E7494F","billingEnabled":true}
[debug] [2026-01-23T21:40:11.956Z] Object "/hosting/frameworksBackend" in "firebase.json" has unknown property: {"additionalProperty":"id"}
[debug] [2026-01-23T21:40:11.958Z] Field "/hosting" in "firebase.json" is possibly invalid: must be array
[debug] [2026-01-23T21:40:11.959Z] Field "/hosting" in "firebase.json" is possibly invalid: must match a schema in anyOf
[debug] [2026-01-23T21:40:11.962Z] Object "/hosting/frameworksBackend" in "firebase.json" has unknown property: {"additionalProperty":"id"}
[debug] [2026-01-23T21:40:11.962Z] Field "/hosting" in "firebase.json" is possibly invalid: must be array
[debug] [2026-01-23T21:40:11.962Z] Field "/hosting" in "firebase.json" is possibly invalid: must match a schema in anyOf
[error] Failed to fetch Firebase Project from Studio Workspace because WORKSPACE_SLUG environment variable is empty
[debug] [2026-01-23T21:40:11.965Z] > command requires scopes: ["email","openid","https://www.googleapis.com/auth/cloudplatformprojects.readonly","https://www.googleapis.com/auth/firebase","https://www.googleapis.com/auth/cloud-platform","https://www.googleapis.com/auth/userinfo.email"]
[debug] [2026-01-23T21:40:11.966Z] > authorizing via signed-in user (yosfnqlisilh@gmail.com)
